Using pre-set license
Built from '2020.3/staging' branch; Version is '2020.3.16f1 (049d6eca3c44) revision 302446'; Using compiler version '192528614'; Build Type 'Release'
OS: 'Windows 10 Education; OS build 18363.1734; Version 1909; 64bit' Language: 'sv' Physical Memory: 16221 MB
BatchMode: 1, IsHumanControllingUs: 0, StartBugReporterOnCrash: 0, Is64bit: 1, IsPro: 0

 COMMAND LINE ARGUMENTS:
C:\Program Files\Unity\Hub\Editor\2020.3.16f1\Editor\Unity.exe
-adb2
-batchMode
-noUpm
-name
AssetImportWorker0
-projectPath
C:/Users/love.johansson1/Documents/GitHub/Love/Love FPS
-logFile
Logs/AssetImportWorker0.log
-srvPort
58798
Successfully changed project path to: C:/Users/love.johansson1/Documents/GitHub/Love/Love FPS
C:/Users/love.johansson1/Documents/GitHub/Love/Love FPS
Using Asset Import Pipeline V2.
Refreshing native plugins compatible for Editor in 30.20 ms, found 2 plugins.
Preloading 0 native plugins for Editor in 0.00 ms.
Initialize engine version: 2020.3.16f1 (049d6eca3c44)
[Subsystems] Discovering subsystems at path C:/Program Files/Unity/Hub/Editor/2020.3.16f1/Editor/Data/Resources/UnitySubsystems
[Subsystems] Discovering subsystems at path C:/Users/love.johansson1/Documents/GitHub/Love/Love FPS/Assets
GfxDevice: creating device client; threaded=0
Direct3D:
    Version:  Direct3D 11.0 [level 11.1]
    Renderer: NVIDIA GeForce MX250 (ID=0x1d13)
    Vendor:   
    VRAM:     1983 MB
    Driver:   26.21.14.3198
Initialize mono
Mono path[0] = 'C:/Program Files/Unity/Hub/Editor/2020.3.16f1/Editor/Data/Managed'
Mono path[1] = 'C:/Program Files/Unity/Hub/Editor/2020.3.16f1/Editor/Data/MonoBleedingEdge/lib/mono/unityjit'
Mono config path = 'C:/Program Files/Unity/Hub/Editor/2020.3.16f1/Editor/Data/MonoBleedingEdge/etc'
Using monoOptions --debugger-agent=transport=dt_socket,embedding=1,server=y,suspend=n,address=127.0.0.1:56476
Begin MonoManager ReloadAssembly
Registering precompiled unity dll's ...
Register platform support module: C:/Program Files/Unity/Hub/Editor/2020.3.16f1/Editor/Data/PlaybackEngines/WindowsStandaloneSupport/UnityEditor.WindowsStandalone.Extensions.dll
Registered in 0.001418 seconds.
Native extension for WindowsStandalone target not found
Refreshing native plugins compatible for Editor in 26.72 ms, found 2 plugins.
Preloading 0 native plugins for Editor in 0.00 ms.
Unable to find bridge dll in registry for Microsoft Visual Studio Tools for Unity for C:\Program Files (x86)\Microsoft Visual Studio\2019\Community\Common7\IDE\devenv.exe
Mono: successfully reloaded assembly
- Completed reload, in  0.970 seconds
Domain Reload Profiling:
	ReloadAssembly (970ms)
		BeginReloadAssembly (47ms)
			ExecutionOrderSort (0ms)
			DisableScriptedObjects (0ms)
			BackupInstance (0ms)
			ReleaseScriptingObjects (0ms)
			CreateAndSetChildDomain (1ms)
		EndReloadAssembly (392ms)
			LoadAssemblies (45ms)
			RebuildTransferFunctionScriptingTraits (0ms)
			SetupTypeCache (144ms)
			ReleaseScriptCaches (0ms)
			RebuildScriptCaches (32ms)
			SetupLoadedEditorAssemblies (152ms)
				LogAssemblyErrors (0ms)
				InitializePlatformSupportModulesInManaged (4ms)
				SetLoadedEditorAssemblies (0ms)
				RefreshPlugins (27ms)
				BeforeProcessingInitializeOnLoad (14ms)
				ProcessInitializeOnLoadAttributes (79ms)
				ProcessInitializeOnLoadMethodAttributes (27ms)
				AfterProcessingInitializeOnLoad (0ms)
				EditorAssembliesLoaded (0ms)
			ExecutionOrderSort2 (0ms)
			AwakeInstancesAfterBackupRestoration (0ms)
Platform modules already initialized, skipping
Registering precompiled user dll's ...
Registered in 0.003093 seconds.
Begin MonoManager ReloadAssembly
Native extension for WindowsStandalone target not found
Refreshing native plugins compatible for Editor in 0.31 ms, found 2 plugins.
Preloading 0 native plugins for Editor in 0.00 ms.
Mono: successfully reloaded assembly
- Completed reload, in  1.004 seconds
Domain Reload Profiling:
	ReloadAssembly (1004ms)
		BeginReloadAssembly (133ms)
			ExecutionOrderSort (0ms)
			DisableScriptedObjects (4ms)
			BackupInstance (0ms)
			ReleaseScriptingObjects (0ms)
			CreateAndSetChildDomain (18ms)
		EndReloadAssembly (813ms)
			LoadAssemblies (76ms)
			RebuildTransferFunctionScriptingTraits (0ms)
			SetupTypeCache (258ms)
			ReleaseScriptCaches (0ms)
			RebuildScriptCaches (40ms)
			SetupLoadedEditorAssemblies (350ms)
				LogAssemblyErrors (0ms)
				InitializePlatformSupportModulesInManaged (5ms)
				SetLoadedEditorAssemblies (0ms)
				RefreshPlugins (0ms)
				BeforeProcessingInitializeOnLoad (71ms)
				ProcessInitializeOnLoadAttributes (264ms)
				ProcessInitializeOnLoadMethodAttributes (4ms)
				AfterProcessingInitializeOnLoad (5ms)
				EditorAssembliesLoaded (0ms)
			ExecutionOrderSort2 (0ms)
			AwakeInstancesAfterBackupRestoration (6ms)
Platform modules already initialized, skipping
========================================================================
Worker process is ready to serve import requests
Launched and connected shader compiler UnityShaderCompiler.exe after 0.06 seconds
Refreshing native plugins compatible for Editor in 0.29 ms, found 2 plugins.
Preloading 0 native plugins for Editor in 0.00 ms.
Unloading 1399 Unused Serialized files (Serialized files now loaded: 0)
System memory in use before: 64.9 MB.
System memory in use after: 65.0 MB.

Unloading 18 unused Assets to reduce memory usage. Loaded Objects now: 1832.
Total: 2.541700 ms (FindLiveObjects: 0.146500 ms CreateObjectMapping: 0.044400 ms MarkObjects: 2.292000 ms  DeleteObjects: 0.057500 ms)

AssetImportParameters requested are different than current active one (requested -> active):
  custom:framework-win-MediaFoundation: 216162199b28c13a410421893ffa2e32 -> 
  custom:video-decoder-ogg-theora: a1e56fd34408186e4bbccfd4996cb3dc -> 
  custom:container-muxer-webm: aa71ff27fc2769a1b78a27578f13a17b -> 
  custom:container-demuxer-webm: 4f35f7cbe854078d1ac9338744f61a02 -> 
  custom:container-demuxer-ogg: 62fdf1f143b41e24485cea50d1cbac27 -> 
  custom:video-encoder-webm-vp8: eb34c28f22e8b96e1ab97ce403110664 -> 
  custom:video-decoder-webm-vp8: 9c59270c3fd7afecdb556c50c9e8de78 -> 
  custom:audio-decoder-ogg-vorbis: bf7c407c2cedff20999df2af8eb42d56 -> 
  custom:audio-encoder-webm-vorbis: bf7c407c2cedff20999df2af8eb42d56 -> 
========================================================================
Received Import Request.
  path: Assets/Helica/PM-40
  artifactKey: Guid(0ab65bb8d9f9d5e4383acb799913c502) Importer(815301076,1909f56bfc062723c751e8b465ee728b)
Start importing Assets/Helica/PM-40 using Guid(0ab65bb8d9f9d5e4383acb799913c502) Importer(815301076,1909f56bfc062723c751e8b465ee728b)  -> (artifact id: 'e48ab4b3bde5db2e15c55c9152509415') in 0.007864 seconds 
  Import took 0.010028 seconds .

========================================================================
Received Import Request.
  Time since last request: 10.587563 seconds.
  path: Assets/Helica/PM-40/Materials
  artifactKey: Guid(307afec974d4283489ab24ac7fc98a88) Importer(815301076,1909f56bfc062723c751e8b465ee728b)
Start importing Assets/Helica/PM-40/Materials using Guid(307afec974d4283489ab24ac7fc98a88) Importer(815301076,1909f56bfc062723c751e8b465ee728b)  -> (artifact id: 'f5f13bf64530eb759440dcb83062dce7') in 0.010017 seconds 
  Import took 0.013098 seconds .

========================================================================
Received Import Request.
  Time since last request: 0.002043 seconds.
  path: Assets/Helica/PM-40/Materials
  artifactKey: Guid(307afec974d4283489ab24ac7fc98a88) Importer(815301076,1909f56bfc062723c751e8b465ee728b)
Start importing Assets/Helica/PM-40/Materials using Guid(307afec974d4283489ab24ac7fc98a88) Importer(815301076,1909f56bfc062723c751e8b465ee728b)  -> (artifact id: 'f5f13bf64530eb759440dcb83062dce7') in 0.002105 seconds 
  Import took 0.004567 seconds .

========================================================================
Received Import Request.
  Time since last request: 1.764524 seconds.
  path: Assets/Helica/PM-40/Materials/Desk
  artifactKey: Guid(fda55c19a1066734ea65cf6a3e7592e3) Importer(815301076,1909f56bfc062723c751e8b465ee728b)
Start importing Assets/Helica/PM-40/Materials/Desk using Guid(fda55c19a1066734ea65cf6a3e7592e3) Importer(815301076,1909f56bfc062723c751e8b465ee728b)  -> (artifact id: '0d8a12672721acc2c1cf36d5526e7231') in 0.008663 seconds 
  Import took 0.011798 seconds .

========================================================================
Received Import Request.
  Time since last request: 0.015530 seconds.
  path: Assets/Helica/PM-40/Materials/Desk/Desk.mat
  artifactKey: Guid(7bdea6aac5bf5334a823f41da5f81c43) Importer(815301076,1909f56bfc062723c751e8b465ee728b)
Start importing Assets/Helica/PM-40/Materials/Desk/Desk.mat using Guid(7bdea6aac5bf5334a823f41da5f81c43) Importer(815301076,1909f56bfc062723c751e8b465ee728b)  -> (artifact id: 'b868e69d820f27e053ef97163002700a') in 0.478188 seconds 
  Import took 0.485040 seconds .

========================================================================
Received Import Request.
  Time since last request: 0.000225 seconds.
  path: Assets/Helica/PM-40/Materials/Desk/Desk_DefaultMaterial_AlbedoTransparency.png
  artifactKey: Guid(70a4344bc667ab4488c51a4f9d54497b) Importer(815301076,1909f56bfc062723c751e8b465ee728b)
Start importing Assets/Helica/PM-40/Materials/Desk/Desk_DefaultMaterial_AlbedoTransparency.png using Guid(70a4344bc667ab4488c51a4f9d54497b) Importer(815301076,1909f56bfc062723c751e8b465ee728b)  -> (artifact id: '236890fe6954a5d280100a3345e643b2') in 0.025830 seconds 
  Import took 0.028532 seconds .

========================================================================
Received Import Request.
  Time since last request: 0.000210 seconds.
  path: Assets/Helica/PM-40/Materials/Desk/Desk_DefaultMaterial_MetallicSmoothness.png
  artifactKey: Guid(4c39d1381b627c245af3d28ea475d454) Importer(815301076,1909f56bfc062723c751e8b465ee728b)
Start importing Assets/Helica/PM-40/Materials/Desk/Desk_DefaultMaterial_MetallicSmoothness.png using Guid(4c39d1381b627c245af3d28ea475d454) Importer(815301076,1909f56bfc062723c751e8b465ee728b)  -> (artifact id: '964ff63b1b38a0ae5313322306b8b187') in 0.016151 seconds 
  Import took 0.018793 seconds .

========================================================================
Received Import Request.
  Time since last request: 0.000283 seconds.
  path: Assets/Helica/PM-40/Materials/Desk/Desk_DefaultMaterial_Normal.png
  artifactKey: Guid(df80842009d09a24cb0c1a14a51f570e) Importer(815301076,1909f56bfc062723c751e8b465ee728b)
Start importing Assets/Helica/PM-40/Materials/Desk/Desk_DefaultMaterial_Normal.png using Guid(df80842009d09a24cb0c1a14a51f570e) Importer(815301076,1909f56bfc062723c751e8b465ee728b)  -> (artifact id: '29cf3308890ca764e22b820ecf8dc531') in 0.022109 seconds 
  Import took 0.024823 seconds .

========================================================================
Received Import Request.
  Time since last request: 5.522061 seconds.
  path: Assets/Helica/PM-40/Materials/Environment
  artifactKey: Guid(cb1dc86e68b072b41921bf86998e9a21) Importer(815301076,1909f56bfc062723c751e8b465ee728b)
Start importing Assets/Helica/PM-40/Materials/Environment using Guid(cb1dc86e68b072b41921bf86998e9a21) Importer(815301076,1909f56bfc062723c751e8b465ee728b)  -> (artifact id: 'a9379fd6c1f0defc05984288c77b1f1f') in 0.006706 seconds 
  Import took 0.010283 seconds .

========================================================================
Received Import Request.
  Time since last request: 0.190150 seconds.
  path: Assets/Helica/PM-40/Materials/Environment/Interior.exr
  artifactKey: Guid(d69d8f35451f7884bbc78356ef23668c) Importer(815301076,1909f56bfc062723c751e8b465ee728b)
Start importing Assets/Helica/PM-40/Materials/Environment/Interior.exr using Guid(d69d8f35451f7884bbc78356ef23668c) Importer(815301076,1909f56bfc062723c751e8b465ee728b)  -> (artifact id: 'ab4826a4c92ff20ecb0897a86d070268') in 0.089695 seconds 
  Import took 0.099733 seconds .

========================================================================
Received Import Request.
  Time since last request: 0.000327 seconds.
  path: Assets/Helica/PM-40/Materials/Environment/Interior.mat
  artifactKey: Guid(3b86f3d9082096647bc2469dfd6419ad) Importer(815301076,1909f56bfc062723c751e8b465ee728b)
Start importing Assets/Helica/PM-40/Materials/Environment/Interior.mat using Guid(3b86f3d9082096647bc2469dfd6419ad) Importer(815301076,1909f56bfc062723c751e8b465ee728b)  -> (artifact id: 'e95138c8ba22b48d242712ed75f776c3') in 0.102432 seconds 
  Import took 0.109061 seconds .

========================================================================
Received Prepare
Registering precompiled user dll's ...
Registered in 0.008023 seconds.
Begin MonoManager ReloadAssembly
Native extension for WindowsStandalone target not found
Refreshing native plugins compatible for Editor in 0.33 ms, found 2 plugins.
Preloading 0 native plugins for Editor in 0.00 ms.
Mono: successfully reloaded assembly
- Completed reload, in  1.225 seconds
Domain Reload Profiling:
	ReloadAssembly (1225ms)
		BeginReloadAssembly (147ms)
			ExecutionOrderSort (0ms)
			DisableScriptedObjects (6ms)
			BackupInstance (0ms)
			ReleaseScriptingObjects (0ms)
			CreateAndSetChildDomain (48ms)
		EndReloadAssembly (992ms)
			LoadAssemblies (113ms)
			RebuildTransferFunctionScriptingTraits (0ms)
			SetupTypeCache (305ms)
			ReleaseScriptCaches (1ms)
			RebuildScriptCaches (40ms)
			SetupLoadedEditorAssemblies (443ms)
				LogAssemblyErrors (0ms)
				InitializePlatformSupportModulesInManaged (5ms)
				SetLoadedEditorAssemblies (0ms)
				RefreshPlugins (0ms)
				BeforeProcessingInitializeOnLoad (82ms)
				ProcessInitializeOnLoadAttributes (344ms)
				ProcessInitializeOnLoadMethodAttributes (4ms)
				AfterProcessingInitializeOnLoad (6ms)
				EditorAssembliesLoaded (0ms)
			ExecutionOrderSort2 (0ms)
			AwakeInstancesAfterBackupRestoration (7ms)
Platform modules already initialized, skipping
Refreshing native plugins compatible for Editor in 0.35 ms, found 2 plugins.
Preloading 0 native plugins for Editor in 0.00 ms.
Unloading 1393 Unused Serialized files (Serialized files now loaded: 0)
System memory in use before: 68.2 MB.
System memory in use after: 68.3 MB.

Unloading 13 unused Assets to reduce memory usage. Loaded Objects now: 1880.
Total: 2.725900 ms (FindLiveObjects: 0.160500 ms CreateObjectMapping: 0.050900 ms MarkObjects: 2.496200 ms  DeleteObjects: 0.017100 ms)

AssetImportParameters requested are different than current active one (requested -> active):
  custom:framework-win-MediaFoundation: 216162199b28c13a410421893ffa2e32 -> 
  custom:video-decoder-ogg-theora: a1e56fd34408186e4bbccfd4996cb3dc -> 
  custom:container-muxer-webm: aa71ff27fc2769a1b78a27578f13a17b -> 
  custom:container-demuxer-webm: 4f35f7cbe854078d1ac9338744f61a02 -> 
  custom:container-demuxer-ogg: 62fdf1f143b41e24485cea50d1cbac27 -> 
  custom:video-encoder-webm-vp8: eb34c28f22e8b96e1ab97ce403110664 -> 
  custom:video-decoder-webm-vp8: 9c59270c3fd7afecdb556c50c9e8de78 -> 
  custom:audio-decoder-ogg-vorbis: bf7c407c2cedff20999df2af8eb42d56 -> 
  custom:audio-encoder-webm-vorbis: bf7c407c2cedff20999df2af8eb42d56 -> 
========================================================================
Received Import Request.
  Time since last request: 1759.539010 seconds.
  path: Assets/Helica/PM-40/Materials/Environment/Materials
  artifactKey: Guid(7974ea1c1b1f4654687170ab8441dcfd) Importer(815301076,1909f56bfc062723c751e8b465ee728b)
Start importing Assets/Helica/PM-40/Materials/Environment/Materials using Guid(7974ea1c1b1f4654687170ab8441dcfd) Importer(815301076,1909f56bfc062723c751e8b465ee728b)  -> (artifact id: '18cece8aa445aebd143611fd0675a079') in 0.006769 seconds 
  Import took 0.010080 seconds .

========================================================================
Received Import Request.
  Time since last request: 0.142937 seconds.
  path: Assets/Helica/PM-40/Materials/Environment/Materials/Interior.mat
  artifactKey: Guid(0e5a6dea13019d844a85f7c42b0d41b4) Importer(815301076,1909f56bfc062723c751e8b465ee728b)
Start importing Assets/Helica/PM-40/Materials/Environment/Materials/Interior.mat using Guid(0e5a6dea13019d844a85f7c42b0d41b4) Importer(815301076,1909f56bfc062723c751e8b465ee728b)  -> (artifact id: 'eef4b5f818f540b6d2f19836162f08e3') in 0.110183 seconds 
  Import took 0.117027 seconds .

========================================================================
Received Import Request.
  Time since last request: 1.191912 seconds.
  path: Assets/Helica/PM-40/Materials/PM-40_Variant1/PM-40_Variant1.mat
  artifactKey: Guid(4552f63936bdda740bc5a72773c67947) Importer(815301076,1909f56bfc062723c751e8b465ee728b)
Start importing Assets/Helica/PM-40/Materials/PM-40_Variant1/PM-40_Variant1.mat using Guid(4552f63936bdda740bc5a72773c67947) Importer(815301076,1909f56bfc062723c751e8b465ee728b)  -> (artifact id: '3572ed8cbfdbe97331086b9927a1394d') in 0.990373 seconds 
  Import took 1.014702 seconds .

========================================================================
Received Import Request.
  Time since last request: 0.000282 seconds.
  path: Assets/Helica/PM-40/Materials/PM-40_Variant1/PM-40_Variant1_Normal.png
  artifactKey: Guid(c841b1fb9dff0b444910fef6096487a8) Importer(815301076,1909f56bfc062723c751e8b465ee728b)
Start importing Assets/Helica/PM-40/Materials/PM-40_Variant1/PM-40_Variant1_Normal.png using Guid(c841b1fb9dff0b444910fef6096487a8) Importer(815301076,1909f56bfc062723c751e8b465ee728b)  -> (artifact id: '1e76a4cff6c4420505ab3a1b020d839d') in 0.108079 seconds 
  Import took 0.120793 seconds .

========================================================================
Received Import Request.
  Time since last request: 0.000244 seconds.
  path: Assets/Helica/PM-40/Materials/PM-40_Variant1/PM-40_Variant1_MetallicSmoothness.png
  artifactKey: Guid(8ab873b39a814904aa49ccd23e88ceba) Importer(815301076,1909f56bfc062723c751e8b465ee728b)
Start importing Assets/Helica/PM-40/Materials/PM-40_Variant1/PM-40_Variant1_MetallicSmoothness.png using Guid(8ab873b39a814904aa49ccd23e88ceba) Importer(815301076,1909f56bfc062723c751e8b465ee728b)  -> (artifact id: '4cdd31d7e4c0193d90192531a3b8f6f6') in 0.099192 seconds 
  Import took 0.107746 seconds .

========================================================================
Received Import Request.
  Time since last request: 0.000349 seconds.
  path: Assets/Helica/PM-40/Materials/PM-40_Variant1/PM-40_Variant1_AlbedoTransparency.png
  artifactKey: Guid(cf1dcaf5956ce9343bd697314b479f89) Importer(815301076,1909f56bfc062723c751e8b465ee728b)
Start importing Assets/Helica/PM-40/Materials/PM-40_Variant1/PM-40_Variant1_AlbedoTransparency.png using Guid(cf1dcaf5956ce9343bd697314b479f89) Importer(815301076,1909f56bfc062723c751e8b465ee728b)  -> (artifact id: '7d0aa42e84701cbd8c99468fa4a90cce') in 0.109576 seconds 
  Import took 0.116007 seconds .

========================================================================
Received Import Request.
  Time since last request: 0.000328 seconds.
  path: Assets/Helica/PM-40/Materials/PM-40_Variant1/PM-40_Variant1_AO.png
  artifactKey: Guid(74053148492428a4891406fd4595859c) Importer(815301076,1909f56bfc062723c751e8b465ee728b)
Start importing Assets/Helica/PM-40/Materials/PM-40_Variant1/PM-40_Variant1_AO.png using Guid(74053148492428a4891406fd4595859c) Importer(815301076,1909f56bfc062723c751e8b465ee728b)  -> (artifact id: '87bebe0d20138367ad0a250a7a2eb791') in 0.014239 seconds 
  Import took 0.016728 seconds .

========================================================================
Received Import Request.
  Time since last request: 0.000267 seconds.
  path: Assets/Helica/PM-40/Materials/PM-40_Variant1/PM-40_Variant1_Emission.png
  artifactKey: Guid(32c7a85eb402a594880d6ea9ad472758) Importer(815301076,1909f56bfc062723c751e8b465ee728b)
Start importing Assets/Helica/PM-40/Materials/PM-40_Variant1/PM-40_Variant1_Emission.png using Guid(32c7a85eb402a594880d6ea9ad472758) Importer(815301076,1909f56bfc062723c751e8b465ee728b)  -> (artifact id: 'ac26e1401b4742983a26333f68ac7703') in 0.112046 seconds 
  Import took 0.119289 seconds .

========================================================================
Received Import Request.
  Time since last request: 1.114763 seconds.
  path: Assets/Helica/PM-40/Materials/PM-40_Variant2/PM-40_Variant2.mat
  artifactKey: Guid(953e7b7d3d9b0e345ab53f3eb82b044f) Importer(815301076,1909f56bfc062723c751e8b465ee728b)
Start importing Assets/Helica/PM-40/Materials/PM-40_Variant2/PM-40_Variant2.mat using Guid(953e7b7d3d9b0e345ab53f3eb82b044f) Importer(815301076,1909f56bfc062723c751e8b465ee728b)  -> (artifact id: '1c4b9812822c615169bd95359d728e90') in 0.731873 seconds 
  Import took 0.760431 seconds .

========================================================================
Received Import Request.
  Time since last request: 0.000338 seconds.
  path: Assets/Helica/PM-40/Materials/PM-40_Variant2/PM-40_Variant2_AlbedoTransparency.png
  artifactKey: Guid(114001bac4aee974692a747b70fa3852) Importer(815301076,1909f56bfc062723c751e8b465ee728b)
Start importing Assets/Helica/PM-40/Materials/PM-40_Variant2/PM-40_Variant2_AlbedoTransparency.png using Guid(114001bac4aee974692a747b70fa3852) Importer(815301076,1909f56bfc062723c751e8b465ee728b)  -> (artifact id: 'd1482b15b855703a303afcc1c88067c2') in 0.132084 seconds 
  Import took 0.138847 seconds .

========================================================================
Received Import Request.
  Time since last request: 0.000178 seconds.
  path: Assets/Helica/PM-40/Materials/PM-40_Variant2/PM-40_Variant2_Normal.png
  artifactKey: Guid(0ac8c332699278e4c941c0ac2e0c583b) Importer(815301076,1909f56bfc062723c751e8b465ee728b)
Start importing Assets/Helica/PM-40/Materials/PM-40_Variant2/PM-40_Variant2_Normal.png using Guid(0ac8c332699278e4c941c0ac2e0c583b) Importer(815301076,1909f56bfc062723c751e8b465ee728b)  -> (artifact id: '499a7a24649522e1084d358b2b030b3e') in 0.098724 seconds 
  Import took 0.108047 seconds .

========================================================================
Received Import Request.
  Time since last request: 0.000369 seconds.
  path: Assets/Helica/PM-40/Materials/PM-40_Variant2/PM-40_Variant2_MetallicSmoothness.png
  artifactKey: Guid(863e3506160a8a445a8a6357606901b4) Importer(815301076,1909f56bfc062723c751e8b465ee728b)
Start importing Assets/Helica/PM-40/Materials/PM-40_Variant2/PM-40_Variant2_MetallicSmoothness.png using Guid(863e3506160a8a445a8a6357606901b4) Importer(815301076,1909f56bfc062723c751e8b465ee728b)  -> (artifact id: '3fae185d236d6b25f6658a47d0d788ef') in 0.105197 seconds 
  Import took 0.113400 seconds .

========================================================================
Received Import Request.
  Time since last request: 0.000318 seconds.
  path: Assets/Helica/PM-40/Materials/PM-40_Variant2/PM-40_Variant2_Emission.png
  artifactKey: Guid(05efb2f54c9115843a122ea4484e8792) Importer(815301076,1909f56bfc062723c751e8b465ee728b)
Start importing Assets/Helica/PM-40/Materials/PM-40_Variant2/PM-40_Variant2_Emission.png using Guid(05efb2f54c9115843a122ea4484e8792) Importer(815301076,1909f56bfc062723c751e8b465ee728b)  -> (artifact id: 'a01f76768c23a8b58216f409e2e3d679') in 0.113107 seconds 
  Import took 0.119743 seconds .

========================================================================
Received Import Request.
  Time since last request: 0.000305 seconds.
  path: Assets/Helica/PM-40/Materials/PM-40_Variant2/PM-40_Variant2_AO.png
  artifactKey: Guid(27ec50070e260094e9295eaa77b4247a) Importer(815301076,1909f56bfc062723c751e8b465ee728b)
Start importing Assets/Helica/PM-40/Materials/PM-40_Variant2/PM-40_Variant2_AO.png using Guid(27ec50070e260094e9295eaa77b4247a) Importer(815301076,1909f56bfc062723c751e8b465ee728b)  -> (artifact id: 'e2fbddc180ffb92a32b0ddcad58c8581') in 0.099314 seconds 
  Import took 0.105928 seconds .

========================================================================
Received Import Request.
  Time since last request: 5.839537 seconds.
  path: Assets/Helica/PM-40/Meshes
  artifactKey: Guid(624f16b4df8334840bc29d3f469c9546) Importer(815301076,1909f56bfc062723c751e8b465ee728b)
Start importing Assets/Helica/PM-40/Meshes using Guid(624f16b4df8334840bc29d3f469c9546) Importer(815301076,1909f56bfc062723c751e8b465ee728b)  -> (artifact id: '251d8b7d0e666232b326484b31d4991c') in 0.006352 seconds 
  Import took 0.009133 seconds .

========================================================================
Received Import Request.
  Time since last request: 0.009803 seconds.
  path: Assets/Helica/PM-40/Meshes
  artifactKey: Guid(624f16b4df8334840bc29d3f469c9546) Importer(815301076,1909f56bfc062723c751e8b465ee728b)
Start importing Assets/Helica/PM-40/Meshes using Guid(624f16b4df8334840bc29d3f469c9546) Importer(815301076,1909f56bfc062723c751e8b465ee728b)  -> (artifact id: '251d8b7d0e666232b326484b31d4991c') in 0.002158 seconds 
  Import took 0.004614 seconds .

========================================================================
Received Import Request.
  Time since last request: 0.039923 seconds.
  path: Assets/Helica/PM-40/Meshes/Desk.FBX
  artifactKey: Guid(73c990932743f894f913aee56bb1c271) Importer(815301076,1909f56bfc062723c751e8b465ee728b)
Start importing Assets/Helica/PM-40/Meshes/Desk.FBX using Guid(73c990932743f894f913aee56bb1c271) Importer(815301076,1909f56bfc062723c751e8b465ee728b)  -> (artifact id: 'b155845907d0d773b3da1e4590f61c8a') in 0.102192 seconds 
  Import took 0.104805 seconds .

========================================================================
Received Import Request.
  Time since last request: 0.000196 seconds.
  path: Assets/Helica/PM-40/Meshes/PM-40_Mesh.FBX
  artifactKey: Guid(45b08677cbcfc414f937226fbf703901) Importer(815301076,1909f56bfc062723c751e8b465ee728b)
Start importing Assets/Helica/PM-40/Meshes/PM-40_Mesh.FBX using Guid(45b08677cbcfc414f937226fbf703901) Importer(815301076,1909f56bfc062723c751e8b465ee728b)  -> (artifact id: 'b27e514264ffd2c5663e9a5e7222b3bb') in 0.049208 seconds 
  Import took 0.051436 seconds .

========================================================================
Received Import Request.
  Time since last request: 82.595706 seconds.
  path: Assets/Helica/PM-40/Materials/PM-40_Variant1
  artifactKey: Guid(2b35df49ab1f12a46a208c9bfeb2324e) Importer(815301076,1909f56bfc062723c751e8b465ee728b)
Start importing Assets/Helica/PM-40/Materials/PM-40_Variant1 using Guid(2b35df49ab1f12a46a208c9bfeb2324e) Importer(815301076,1909f56bfc062723c751e8b465ee728b)  -> (artifact id: 'f54c9ab9158a00cc0619a4b2c8c1c19a') in 0.002073 seconds 
  Import took 0.004786 seconds .

========================================================================
Received Import Request.
  Time since last request: 7.745535 seconds.
  path: Assets/Helica/PM-40/Materials/PM-40_Variant3/PM-40_Variant3.mat
  artifactKey: Guid(09f8951d21118424fac02833f44d0ec0) Importer(815301076,1909f56bfc062723c751e8b465ee728b)
Start importing Assets/Helica/PM-40/Materials/PM-40_Variant3/PM-40_Variant3.mat using Guid(09f8951d21118424fac02833f44d0ec0) Importer(815301076,1909f56bfc062723c751e8b465ee728b)  -> (artifact id: 'befdb418cd7f230fe779986091fde742') in 1.427833 seconds 
  Import took 1.458019 seconds .

========================================================================
Received Import Request.
  Time since last request: 0.000329 seconds.
  path: Assets/Helica/PM-40/Materials/PM-40_Variant3/PM-40_Variant3_AO.png
  artifactKey: Guid(aea6ccbf2a79fad4b8bab36c422e3c68) Importer(815301076,1909f56bfc062723c751e8b465ee728b)
Start importing Assets/Helica/PM-40/Materials/PM-40_Variant3/PM-40_Variant3_AO.png using Guid(aea6ccbf2a79fad4b8bab36c422e3c68) Importer(815301076,1909f56bfc062723c751e8b465ee728b)  -> (artifact id: 'dfcd84d36591c1ee4b82ae792c2c3ee6') in 0.141534 seconds 
  Import took 0.148004 seconds .

========================================================================
Received Import Request.
  Time since last request: 0.000189 seconds.
  path: Assets/Helica/PM-40/Materials/PM-40_Variant3/PM-40_Variant3_Normal.png
  artifactKey: Guid(5dbf3432b21562140abe5602e3121e7d) Importer(815301076,1909f56bfc062723c751e8b465ee728b)
Start importing Assets/Helica/PM-40/Materials/PM-40_Variant3/PM-40_Variant3_Normal.png using Guid(5dbf3432b21562140abe5602e3121e7d) Importer(815301076,1909f56bfc062723c751e8b465ee728b)  -> (artifact id: 'c6f09baddcc7bc4a27711086a57eb737') in 0.096124 seconds 
  Import took 0.104406 seconds .

========================================================================
Received Import Request.
  Time since last request: 0.000312 seconds.
  path: Assets/Helica/PM-40/Materials/PM-40_Variant3/PM-40_Variant3_AlbedoTransparency.png
  artifactKey: Guid(fc9aaa03e2032df4b85b22638bbd2ee9) Importer(815301076,1909f56bfc062723c751e8b465ee728b)
Start importing Assets/Helica/PM-40/Materials/PM-40_Variant3/PM-40_Variant3_AlbedoTransparency.png using Guid(fc9aaa03e2032df4b85b22638bbd2ee9) Importer(815301076,1909f56bfc062723c751e8b465ee728b)  -> (artifact id: 'c046c375987ebb4fa8775e14b79e20d5') in 0.109458 seconds 
  Import took 0.115782 seconds .

========================================================================
Received Import Request.
  Time since last request: 0.000332 seconds.
  path: Assets/Helica/PM-40/Materials/PM-40_Variant3/PM-40_Variant3_Emission.png
  artifactKey: Guid(5f41d8699ad54934d9091a83b33c4997) Importer(815301076,1909f56bfc062723c751e8b465ee728b)
Start importing Assets/Helica/PM-40/Materials/PM-40_Variant3/PM-40_Variant3_Emission.png using Guid(5f41d8699ad54934d9091a83b33c4997) Importer(815301076,1909f56bfc062723c751e8b465ee728b)  -> (artifact id: '486c6a3ca3f3930062882f40e6680b2e') in 0.094087 seconds 
  Import took 0.100499 seconds .

========================================================================
Received Import Request.
  Time since last request: 0.000338 seconds.
  path: Assets/Helica/PM-40/Materials/PM-40_Variant3/PM-40_Variant3_MetallicSmoothness.png
  artifactKey: Guid(428a2133c659a47469cb791fa2098aac) Importer(815301076,1909f56bfc062723c751e8b465ee728b)
Start importing Assets/Helica/PM-40/Materials/PM-40_Variant3/PM-40_Variant3_MetallicSmoothness.png using Guid(428a2133c659a47469cb791fa2098aac) Importer(815301076,1909f56bfc062723c751e8b465ee728b)  -> (artifact id: 'ac848a196c4c128f9d258e444739289c') in 0.091617 seconds 
  Import took 0.100324 seconds .

========================================================================
Received Import Request.
  Time since last request: 20.284183 seconds.
  path: Assets/Helica/PM-40/Scenes
  artifactKey: Guid(c2d0643b7ea20a8449f4108fb519eef8) Importer(815301076,1909f56bfc062723c751e8b465ee728b)
Start importing Assets/Helica/PM-40/Scenes using Guid(c2d0643b7ea20a8449f4108fb519eef8) Importer(815301076,1909f56bfc062723c751e8b465ee728b)  -> (artifact id: '6b67a2a1b80a7608e408170984d8ae54') in 0.008041 seconds 
  Import took 0.011278 seconds .

========================================================================
Received Import Request.
  Time since last request: 6.203904 seconds.
  path: Assets/Helica/PM-40/Prefabs
  artifactKey: Guid(99d88e93bb896754981630e654be4207) Importer(815301076,1909f56bfc062723c751e8b465ee728b)
Start importing Assets/Helica/PM-40/Prefabs using Guid(99d88e93bb896754981630e654be4207) Importer(815301076,1909f56bfc062723c751e8b465ee728b)  -> (artifact id: 'e0f55a2ad8641d83d1ed80268a760d9e') in 0.011804 seconds 
  Import took 0.014210 seconds .

========================================================================
Received Import Request.
  Time since last request: 0.260728 seconds.
  path: Assets/Helica/PM-40/Prefabs/PM-40_Variant1.prefab
  artifactKey: Guid(40f85fbf483918e44862a63a0bc4bd2a) Importer(815301076,1909f56bfc062723c751e8b465ee728b)
Start importing Assets/Helica/PM-40/Prefabs/PM-40_Variant1.prefab using Guid(40f85fbf483918e44862a63a0bc4bd2a) Importer(815301076,1909f56bfc062723c751e8b465ee728b)  -> (artifact id: '43d2b2672df3daaafb8df00bc7f14431') in 0.307591 seconds 
  Import took 0.331985 seconds .

========================================================================
Received Import Request.
  Time since last request: 0.000354 seconds.
  path: Assets/Helica/PM-40/Prefabs/PM-40_Variant2.prefab
  artifactKey: Guid(bd3b513fc9331a940909e770957f1074) Importer(815301076,1909f56bfc062723c751e8b465ee728b)
Start importing Assets/Helica/PM-40/Prefabs/PM-40_Variant2.prefab using Guid(bd3b513fc9331a940909e770957f1074) Importer(815301076,1909f56bfc062723c751e8b465ee728b)  -> (artifact id: '3d1da2eb06a2697a432aac0fed68f8ae') in 0.391861 seconds 
  Import took 0.426613 seconds .

========================================================================
Received Import Request.
  Time since last request: 0.000332 seconds.
  path: Assets/Helica/PM-40/Prefabs/PM-40_Variant3.prefab
  artifactKey: Guid(0f599fa355e018c47bd698bd6bdf7e90) Importer(815301076,1909f56bfc062723c751e8b465ee728b)
Start importing Assets/Helica/PM-40/Prefabs/PM-40_Variant3.prefab using Guid(0f599fa355e018c47bd698bd6bdf7e90) Importer(815301076,1909f56bfc062723c751e8b465ee728b)  -> (artifact id: 'bf22857dec9ee783e6dfdc8332e75783') in 0.404190 seconds 
  Import took 0.432507 seconds .

========================================================================
Received Import Request.
  Time since last request: 0.000299 seconds.
  path: Assets/Helica/PM-40/Prefabs/PM-40_Variant4.prefab
  artifactKey: Guid(b15e51dd92f0b8e40b47f478493fad2b) Importer(815301076,1909f56bfc062723c751e8b465ee728b)
Start importing Assets/Helica/PM-40/Prefabs/PM-40_Variant4.prefab using Guid(b15e51dd92f0b8e40b47f478493fad2b) Importer(815301076,1909f56bfc062723c751e8b465ee728b)  -> (artifact id: '2e6a784d35d6c7d4f1d0f7e755b52983') in 0.406609 seconds 
  Import took 0.436683 seconds .

========================================================================
Received Import Request.
  Time since last request: 1044.167819 seconds.
  path: Assets/[PBR] Makarov/Макаров (Prefab).prefab
  artifactKey: Guid(f44c0154ed6f64643b4f771d833c403c) Importer(815301076,1909f56bfc062723c751e8b465ee728b)
Start importing Assets/[PBR] Makarov/Макаров (Prefab).prefab using Guid(f44c0154ed6f64643b4f771d833c403c) Importer(815301076,1909f56bfc062723c751e8b465ee728b)  -> (artifact id: 'f248b0e56c4f019aa9984cf4a4b9e215') in 0.274880 seconds 
  Import took 0.280471 seconds .

========================================================================
Received Import Request.
  Time since last request: 156.533623 seconds.
  path: Assets/[PBR] Makarov/Resources
  artifactKey: Guid(14a7c4b1f7979364c960e9354ce4aff6) Importer(815301076,1909f56bfc062723c751e8b465ee728b)
Start importing Assets/[PBR] Makarov/Resources using Guid(14a7c4b1f7979364c960e9354ce4aff6) Importer(815301076,1909f56bfc062723c751e8b465ee728b)  -> (artifact id: 'ce993227b8ab9cc996f55895a8c0451f') in 0.008900 seconds 
  Import took 0.012625 seconds .

========================================================================
Received Import Request.
  Time since last request: 3.169806 seconds.
  path: Assets/[PBR] Makarov/Resources/Materials
  artifactKey: Guid(8cf7cfb9fbb308c49b21779b3c96aec3) Importer(815301076,1909f56bfc062723c751e8b465ee728b)
Start importing Assets/[PBR] Makarov/Resources/Materials using Guid(8cf7cfb9fbb308c49b21779b3c96aec3) Importer(815301076,1909f56bfc062723c751e8b465ee728b)  -> (artifact id: 'ae030c251e2921fc31c18d2e998ba348') in 0.002624 seconds 
  Import took 0.005711 seconds .

========================================================================
Received Import Request.
  Time since last request: 0.002862 seconds.
  path: Assets/[PBR] Makarov/Resources/Materials/Material.001.mat
  artifactKey: Guid(ff346324d2561794eb530b0b6737e1d2) Importer(815301076,1909f56bfc062723c751e8b465ee728b)
Start importing Assets/[PBR] Makarov/Resources/Materials/Material.001.mat using Guid(ff346324d2561794eb530b0b6737e1d2) Importer(815301076,1909f56bfc062723c751e8b465ee728b)  -> (artifact id: '9b13efccf2f6776c0e19b1c893d33423') in 0.068836 seconds 
  Import took 0.072340 seconds .

========================================================================
Received Prepare
Registering precompiled user dll's ...
Registered in 0.003064 seconds.
Begin MonoManager ReloadAssembly
Native extension for WindowsStandalone target not found
Refreshing native plugins compatible for Editor in 0.35 ms, found 2 plugins.
Preloading 0 native plugins for Editor in 0.00 ms.
Mono: successfully reloaded assembly
- Completed reload, in  0.941 seconds
Domain Reload Profiling:
	ReloadAssembly (942ms)
		BeginReloadAssembly (101ms)
			ExecutionOrderSort (0ms)
			DisableScriptedObjects (4ms)
			BackupInstance (0ms)
			ReleaseScriptingObjects (0ms)
			CreateAndSetChildDomain (39ms)
		EndReloadAssembly (783ms)
			LoadAssemblies (79ms)
			RebuildTransferFunctionScriptingTraits (0ms)
			SetupTypeCache (248ms)
			ReleaseScriptCaches (1ms)
			RebuildScriptCaches (35ms)
			SetupLoadedEditorAssemblies (325ms)
				LogAssemblyErrors (0ms)
				InitializePlatformSupportModulesInManaged (5ms)
				SetLoadedEditorAssemblies (1ms)
				RefreshPlugins (0ms)
				BeforeProcessingInitializeOnLoad (66ms)
				ProcessInitializeOnLoadAttributes (245ms)
				ProcessInitializeOnLoadMethodAttributes (4ms)
				AfterProcessingInitializeOnLoad (5ms)
				EditorAssembliesLoaded (0ms)
			ExecutionOrderSort2 (0ms)
			AwakeInstancesAfterBackupRestoration (7ms)
Platform modules already initialized, skipping
Refreshing native plugins compatible for Editor in 0.36 ms, found 2 plugins.
Preloading 0 native plugins for Editor in 0.00 ms.
Unloading 1393 Unused Serialized files (Serialized files now loaded: 0)
System memory in use before: 68.9 MB.
System memory in use after: 69.0 MB.

Unloading 14 unused Assets to reduce memory usage. Loaded Objects now: 1888.
Total: 2.568900 ms (FindLiveObjects: 0.147300 ms CreateObjectMapping: 0.042400 ms MarkObjects: 2.358500 ms  DeleteObjects: 0.019500 ms)

AssetImportParameters requested are different than current active one (requested -> active):
  custom:framework-win-MediaFoundation: 216162199b28c13a410421893ffa2e32 -> 
  custom:video-decoder-ogg-theora: a1e56fd34408186e4bbccfd4996cb3dc -> 
  custom:container-muxer-webm: aa71ff27fc2769a1b78a27578f13a17b -> 
  custom:container-demuxer-webm: 4f35f7cbe854078d1ac9338744f61a02 -> 
  custom:container-demuxer-ogg: 62fdf1f143b41e24485cea50d1cbac27 -> 
  custom:video-encoder-webm-vp8: eb34c28f22e8b96e1ab97ce403110664 -> 
  custom:video-decoder-webm-vp8: 9c59270c3fd7afecdb556c50c9e8de78 -> 
  custom:audio-decoder-ogg-vorbis: bf7c407c2cedff20999df2af8eb42d56 -> 
  custom:audio-encoder-webm-vorbis: bf7c407c2cedff20999df2af8eb42d56 -> 
========================================================================
Received Prepare
Registering precompiled user dll's ...
Registered in 0.004271 seconds.
Begin MonoManager ReloadAssembly
Native extension for WindowsStandalone target not found
Refreshing native plugins compatible for Editor in 0.37 ms, found 2 plugins.
Preloading 0 native plugins for Editor in 0.00 ms.
Mono: successfully reloaded assembly
- Completed reload, in  1.390 seconds
Domain Reload Profiling:
	ReloadAssembly (1391ms)
		BeginReloadAssembly (148ms)
			ExecutionOrderSort (0ms)
			DisableScriptedObjects (8ms)
			BackupInstance (0ms)
			ReleaseScriptingObjects (0ms)
			CreateAndSetChildDomain (52ms)
		EndReloadAssembly (1164ms)
			LoadAssemblies (103ms)
			RebuildTransferFunctionScriptingTraits (0ms)
			SetupTypeCache (394ms)
			ReleaseScriptCaches (1ms)
			RebuildScriptCaches (47ms)
			SetupLoadedEditorAssemblies (496ms)
				LogAssemblyErrors (0ms)
				InitializePlatformSupportModulesInManaged (6ms)
				SetLoadedEditorAssemblies (1ms)
				RefreshPlugins (0ms)
				BeforeProcessingInitializeOnLoad (94ms)
				ProcessInitializeOnLoadAttributes (383ms)
				ProcessInitializeOnLoadMethodAttributes (5ms)
				AfterProcessingInitializeOnLoad (6ms)
				EditorAssembliesLoaded (0ms)
			ExecutionOrderSort2 (0ms)
			AwakeInstancesAfterBackupRestoration (9ms)
Platform modules already initialized, skipping
Refreshing native plugins compatible for Editor in 0.81 ms, found 2 plugins.
Preloading 0 native plugins for Editor in 0.00 ms.
Unloading 1393 Unused Serialized files (Serialized files now loaded: 0)
System memory in use before: 68.9 MB.
System memory in use after: 69.0 MB.

Unloading 13 unused Assets to reduce memory usage. Loaded Objects now: 1890.
Total: 3.831900 ms (FindLiveObjects: 0.385200 ms CreateObjectMapping: 0.146600 ms MarkObjects: 3.271700 ms  DeleteObjects: 0.026400 ms)

AssetImportParameters requested are different than current active one (requested -> active):
  custom:framework-win-MediaFoundation: 216162199b28c13a410421893ffa2e32 -> 
  custom:video-decoder-ogg-theora: a1e56fd34408186e4bbccfd4996cb3dc -> 
  custom:container-muxer-webm: aa71ff27fc2769a1b78a27578f13a17b -> 
  custom:container-demuxer-webm: 4f35f7cbe854078d1ac9338744f61a02 -> 
  custom:container-demuxer-ogg: 62fdf1f143b41e24485cea50d1cbac27 -> 
  custom:video-encoder-webm-vp8: eb34c28f22e8b96e1ab97ce403110664 -> 
  custom:video-decoder-webm-vp8: 9c59270c3fd7afecdb556c50c9e8de78 -> 
  custom:audio-decoder-ogg-vorbis: bf7c407c2cedff20999df2af8eb42d56 -> 
  custom:audio-encoder-webm-vorbis: bf7c407c2cedff20999df2af8eb42d56 -> 
========================================================================
Received Prepare
Registering precompiled user dll's ...
Registered in 0.171847 seconds.
Begin MonoManager ReloadAssembly
Native extension for WindowsStandalone target not found
Refreshing native plugins compatible for Editor in 0.41 ms, found 2 plugins.
Preloading 0 native plugins for Editor in 0.00 ms.
Mono: successfully reloaded assembly
- Completed reload, in  1.597 seconds
Domain Reload Profiling:
	ReloadAssembly (1598ms)
		BeginReloadAssembly (182ms)
			ExecutionOrderSort (0ms)
			DisableScriptedObjects (8ms)
			BackupInstance (0ms)
			ReleaseScriptingObjects (0ms)
			CreateAndSetChildDomain (74ms)
		EndReloadAssembly (1334ms)
			LoadAssemblies (118ms)
			RebuildTransferFunctionScriptingTraits (0ms)
			SetupTypeCache (354ms)
			ReleaseScriptCaches (1ms)
			RebuildScriptCaches (51ms)
			SetupLoadedEditorAssemblies (672ms)
				LogAssemblyErrors (0ms)
				InitializePlatformSupportModulesInManaged (12ms)
				SetLoadedEditorAssemblies (1ms)
				RefreshPlugins (0ms)
				BeforeProcessingInitializeOnLoad (103ms)
				ProcessInitializeOnLoadAttributes (542ms)
				ProcessInitializeOnLoadMethodAttributes (6ms)
				AfterProcessingInitializeOnLoad (7ms)
				EditorAssembliesLoaded (0ms)
			ExecutionOrderSort2 (0ms)
			AwakeInstancesAfterBackupRestoration (9ms)
Platform modules already initialized, skipping
Refreshing native plugins compatible for Editor in 0.52 ms, found 2 plugins.
Preloading 0 native plugins for Editor in 0.00 ms.
Unloading 1393 Unused Serialized files (Serialized files now loaded: 0)
System memory in use before: 68.9 MB.
System memory in use after: 69.0 MB.

Unloading 13 unused Assets to reduce memory usage. Loaded Objects now: 1892.
Total: 3.669500 ms (FindLiveObjects: 0.213900 ms CreateObjectMapping: 0.066300 ms MarkObjects: 3.340200 ms  DeleteObjects: 0.046900 ms)

AssetImportParameters requested are different than current active one (requested -> active):
  custom:framework-win-MediaFoundation: 216162199b28c13a410421893ffa2e32 -> 
  custom:video-decoder-ogg-theora: a1e56fd34408186e4bbccfd4996cb3dc -> 
  custom:container-muxer-webm: aa71ff27fc2769a1b78a27578f13a17b -> 
  custom:container-demuxer-webm: 4f35f7cbe854078d1ac9338744f61a02 -> 
  custom:container-demuxer-ogg: 62fdf1f143b41e24485cea50d1cbac27 -> 
  custom:video-encoder-webm-vp8: eb34c28f22e8b96e1ab97ce403110664 -> 
  custom:video-decoder-webm-vp8: 9c59270c3fd7afecdb556c50c9e8de78 -> 
  custom:audio-decoder-ogg-vorbis: bf7c407c2cedff20999df2af8eb42d56 -> 
  custom:audio-encoder-webm-vorbis: bf7c407c2cedff20999df2af8eb42d56 -> 
========================================================================
Received Prepare
Registering precompiled user dll's ...
Registered in 0.008884 seconds.
Begin MonoManager ReloadAssembly
Native extension for WindowsStandalone target not found
Refreshing native plugins compatible for Editor in 0.59 ms, found 2 plugins.
Preloading 0 native plugins for Editor in 0.00 ms.
Mono: successfully reloaded assembly
- Completed reload, in  2.237 seconds
Domain Reload Profiling:
	ReloadAssembly (2238ms)
		BeginReloadAssembly (317ms)
			ExecutionOrderSort (0ms)
			DisableScriptedObjects (21ms)
			BackupInstance (0ms)
			ReleaseScriptingObjects (0ms)
			CreateAndSetChildDomain (118ms)
		EndReloadAssembly (1769ms)
			LoadAssemblies (200ms)
			RebuildTransferFunctionScriptingTraits (0ms)
			SetupTypeCache (550ms)
			ReleaseScriptCaches (1ms)
			RebuildScriptCaches (94ms)
			SetupLoadedEditorAssemblies (735ms)
				LogAssemblyErrors (0ms)
				InitializePlatformSupportModulesInManaged (8ms)
				SetLoadedEditorAssemblies (1ms)
				RefreshPlugins (1ms)
				BeforeProcessingInitializeOnLoad (147ms)
				ProcessInitializeOnLoadAttributes (562ms)
				ProcessInitializeOnLoadMethodAttributes (7ms)
				AfterProcessingInitializeOnLoad (8ms)
				EditorAssembliesLoaded (0ms)
			ExecutionOrderSort2 (0ms)
			AwakeInstancesAfterBackupRestoration (13ms)
Platform modules already initialized, skipping
Refreshing native plugins compatible for Editor in 0.53 ms, found 2 plugins.
Preloading 0 native plugins for Editor in 0.00 ms.
Unloading 1394 Unused Serialized files (Serialized files now loaded: 0)
System memory in use before: 68.9 MB.
System memory in use after: 69.0 MB.

Unloading 13 unused Assets to reduce memory usage. Loaded Objects now: 1895.
Total: 4.772500 ms (FindLiveObjects: 0.326200 ms CreateObjectMapping: 0.118300 ms MarkObjects: 4.089400 ms  DeleteObjects: 0.236400 ms)

AssetImportParameters requested are different than current active one (requested -> active):
  custom:framework-win-MediaFoundation: 216162199b28c13a410421893ffa2e32 -> 
  custom:video-decoder-ogg-theora: a1e56fd34408186e4bbccfd4996cb3dc -> 
  custom:container-muxer-webm: aa71ff27fc2769a1b78a27578f13a17b -> 
  custom:container-demuxer-webm: 4f35f7cbe854078d1ac9338744f61a02 -> 
  custom:container-demuxer-ogg: 62fdf1f143b41e24485cea50d1cbac27 -> 
  custom:video-encoder-webm-vp8: eb34c28f22e8b96e1ab97ce403110664 -> 
  custom:video-decoder-webm-vp8: 9c59270c3fd7afecdb556c50c9e8de78 -> 
  custom:audio-decoder-ogg-vorbis: bf7c407c2cedff20999df2af8eb42d56 -> 
  custom:audio-encoder-webm-vorbis: bf7c407c2cedff20999df2af8eb42d56 -> 
AssetImportWorkerClient::OnTransportError - code=2 error=End of file
